[debug] [2019-07-22T00:07:40.958Z] ----------------------------------------------------------------------
[debug] [2019-07-22T00:07:40.960Z] Command:       /usr/local/bin/node /usr/local/bin/firebase deploy
[debug] [2019-07-22T00:07:40.961Z] CLI Version:   6.0.1
[debug] [2019-07-22T00:07:40.961Z] Platform:      darwin
[debug] [2019-07-22T00:07:40.961Z] Node Version:  v10.15.3
[debug] [2019-07-22T00:07:40.964Z] Time:          Mon Jul 22 2019 05:37:40 GMT+0530 (India Standard Time)
[debug] [2019-07-22T00:07:40.964Z] ----------------------------------------------------------------------
[debug] 
[debug] [2019-07-22T00:07:40.980Z] > command requires scopes: ["email","openid","https://www.googleapis.com/auth/cloudplatformprojects.readonly","https://www.googleapis.com/auth/firebase","https://www.googleapis.com/auth/cloud-platform"]
[debug] [2019-07-22T00:07:40.980Z] > authorizing via signed-in user
[debug] [2019-07-22T00:07:40.980Z] [iam] checking project go2020 for permissions ["firebase.projects.get","firebasehosting.sites.update"]
[debug] [2019-07-22T00:07:40.982Z] > refreshing access token with scopes: ["email","https://www.googleapis.com/auth/cloud-platform","https://www.googleapis.com/auth/cloudplatformprojects.readonly","https://www.googleapis.com/auth/firebase","openid"]
[debug] [2019-07-22T00:07:40.983Z] >>> HTTP REQUEST POST https://www.googleapis.com/oauth2/v3/token  
 <request body omitted>
[debug] [2019-07-22T00:07:41.260Z] <<< HTTP RESPONSE 200
[debug] [2019-07-22T00:07:41.268Z] >>> HTTP REQUEST POST https://cloudresourcemanager.googleapis.com/v1/projects/go2020:testIamPermissions  

[debug] [2019-07-22T00:07:42.701Z] <<< HTTP RESPONSE 200
[debug] [2019-07-22T00:07:42.703Z] >>> HTTP REQUEST GET https://firebase.googleapis.com/v1beta1/projects/go2020  
 
[debug] [2019-07-22T00:07:43.209Z] <<< HTTP RESPONSE 200
[info] 
[info] === Deploying to 'go2020'...
[info] 
[info] i  deploying hosting
[debug] [2019-07-22T00:07:43.216Z] >>> HTTP REQUEST POST https://firebasehosting.googleapis.com/v1beta1/sites/go2020/versions  

